12/04/2022 04:49:40 PM: INFO : SUCCESS! xpath - //*[@id="stickyBlockStartPoint"]/div/div/div[2]/div[2]/button - CLICK
12/04/2022 04:49:40 PM: INFO : SUCCESS! id - loginOffcanvasFormLoginEmail: jorge30fm@gmail.com- ENTER TEXT
12/04/2022 04:49:40 PM: INFO : SUCCESS! id - loginOffcanvasFormLoginPassword: Test123!- ENTER TEXT
12/04/2022 04:49:40 PM: INFO : SUCCESS! id - login_nav_right - CLICK
12/04/2022 04:49:43 PM: INFO : SUCCESS! xpath - //*[@id="stickyBlockStartPoint"]/div/div/div[2]/div[2]/button - CLICK
12/04/2022 04:49:46 PM: INFO : SUCCESS! id - part_full_text_111- CHECK VISIBLE
12/04/2022 04:49:46 PM: INFO : LOGIN SUCCESSFUL
12/04/2022 04:49:46 PM: INFO : SN: 1010.0
12/04/2022 04:49:46 PM: INFO : SUCCESS! id - input_129_4-PrelInf-PrelInf-010: Peter- ENTER TEXT
12/04/2022 04:49:47 PM: INFO : SN: 1020.0
12/04/2022 04:49:47 PM: INFO : SUCCESS! id - input_129_4-PrelInf-PrelInf-020: Jackson- ENTER TEXT
12/04/2022 04:49:47 PM: INFO : SN: 1030.0
12/04/2022 04:49:47 PM: INFO : SUCCESS! id - input_129_4-PrelInf-PrelInf-030: Smith- ENTER TEXT
12/04/2022 04:49:47 PM: INFO : SN: 1040.0
12/04/2022 04:49:47 PM: INFO : SUCCESS! id - input_129_4-PrelInf-PrelInf-050 - CLEAR TEXT
12/04/2022 04:49:48 PM: INFO : SN: 1050.0
12/04/2022 04:49:48 PM: INFO : SUCCESS! id - input_129_4-PrelInf-PrelInf-050: petersmith@gmail.com- ENTER TEXT
12/04/2022 04:49:48 PM: INFO : SN: 1060.0
12/04/2022 04:49:48 PM: INFO : SUCCESS! id - input_129_4-PrelInf-PrelInf-060: 1234567891- ENTER TEXT
12/04/2022 04:49:48 PM: INFO : SN: 1070.0
12/04/2022 04:49:48 PM: INFO : SUCCESS! id - input_129_4-PrelInf-PrelInf-090: Martha- ENTER TEXT
12/04/2022 04:49:49 PM: INFO : SN: 1080.0
12/04/2022 04:49:49 PM: INFO : SUCCESS! id - input_129_4-PrelInf-PrelInf-100: Carmen- ENTER TEXT
12/04/2022 04:49:49 PM: INFO : SN: 1090.0
12/04/2022 04:49:49 PM: INFO : SUCCESS! id - input_129_4-PrelInf-PrelInf-110: Fuentes- ENTER TEXT
12/04/2022 04:49:49 PM: INFO : SN: 1100.0
12/04/2022 04:49:49 PM: INFO : SUCCESS! class name - btn-ampichap - CLICK
12/04/2022 04:49:49 PM: INFO : SN: 1110.0
12/04/2022 04:49:51 PM: INFO : SUCCESS! id - lbl_129_4-ElChck-CitMarr-002_Yes - CLICK
12/04/2022 04:49:51 PM: INFO : SN: 1120.0
12/04/2022 04:49:51 PM: INFO : SUCCESS! id - lbl_129_4-ElChck-CitMarr-010_No - CLICK
12/04/2022 04:49:51 PM: INFO : SN: 1130.0
12/04/2022 04:49:52 PM: INFO : SUCCESS! class name - btn-ampichap - CLICK
12/04/2022 04:49:52 PM: INFO : SN: 1140.0
12/04/2022 04:50:02 PM: ERROR : FAILURE! Element could not be found - id - lbl_129_4-ElChck-K1-002_Yes - CLICK
